{
  "stats": {
    "suites": 0,
    "tests": 8,
    "passes": 8,
    "pending": 0,
    "failures": 0,
    "start": "2023-08-21T17:18:21.795Z",
    "end": "2023-08-21T17:18:25.021Z",
    "duration": 3226,
    "testsRegistered": 8,
    "passPercent": 100,
    "pendingPercent": 0,
    "other": 0,
    "hasOther": false,
    "skipped": 0,
    "hasSkipped": false
  },
  "results": [
    {
      "uuid": "34b27223-1f58-4b4c-b4d8-49e726020ec7",
      "title": "",
      "fullFile": "",
      "file": "C:\\Users\\Cleartech\\DevopsGiChristo\\T4-GiseleSantos\\dogsAPI-master\\Test\\test\\del.spec.js",
      "beforeHooks": [],
      "afterHooks": [],
      "tests": [
        {
          "title": "Deletando Informações",
          "fullTitle": "Deletando Informações",
          "timedOut": false,
          "duration": 435,
          "state": "passed",
          "speed": "slow",
          "pass": true,
          "fail": false,
          "pending": false,
          "context": null,
          "code": "await spec()\n  .delete('https://api.thecatapi.com/v1/images/search?limit=10')\n  .expectStatus(401);",
          "err": {},
          "uuid": "535c0e93-2fc0-4403-846e-f71b89a330f1",
          "parentUUID": "34b27223-1f58-4b4c-b4d8-49e726020ec7",
          "isHook": false,
          "skipped": false
        },
        {
          "title": "Pesquisando Imagens",
          "fullTitle": "Pesquisando Imagens",
          "timedOut": false,
          "duration": 415,
          "state": "passed",
          "speed": "slow",
          "pass": true,
          "fail": false,
          "pending": false,
          "context": null,
          "code": "await spec()\n  .get('https://api.thecatapi.com/v1/images/search?limit=10')\n  .expectStatus(200);",
          "err": {},
          "uuid": "efab9004-80df-4e4d-a11f-f346a05abb08",
          "parentUUID": "34b27223-1f58-4b4c-b4d8-49e726020ec7",
          "isHook": false,
          "skipped": false
        },
        {
          "title": "Pesquisa com Filtro",
          "fullTitle": "Pesquisa com Filtro",
          "timedOut": false,
          "duration": 463,
          "state": "passed",
          "speed": "slow",
          "pass": true,
          "fail": false,
          "pending": false,
          "context": null,
          "code": "await spec()\n  .get('https://api.thecatapi.com/v1/images/search?limit=10&breed_ids=beng&api_key=REPLACE_ME')\n  .expectStatus(200);",
          "err": {},
          "uuid": "c1b2fc30-9f53-43e8-aa2e-75c1f397164d",
          "parentUUID": "34b27223-1f58-4b4c-b4d8-49e726020ec7",
          "isHook": false,
          "skipped": false
        },
        {
          "title": "Pesquisa simples",
          "fullTitle": "Pesquisa simples",
          "timedOut": false,
          "duration": 394,
          "state": "passed",
          "speed": "slow",
          "pass": true,
          "fail": false,
          "pending": false,
          "context": null,
          "code": "await spec()\n  .get('https://api.thecatapi.com/v1/images/search')\n  .expectStatus(200);",
          "err": {},
          "uuid": "1d5bc84b-e519-4928-8101-3df637f5e66b",
          "parentUUID": "34b27223-1f58-4b4c-b4d8-49e726020ec7",
          "isHook": false,
          "skipped": false
        },
        {
          "title": "Pesquisa buscando 11 registros",
          "fullTitle": "Pesquisa buscando 11 registros",
          "timedOut": false,
          "duration": 400,
          "state": "passed",
          "speed": "slow",
          "pass": true,
          "fail": false,
          "pending": false,
          "context": null,
          "code": "await spec()\n  .get('https://api.thecatapi.com/v1/images/search?limit=11')\n  .expectStatus(200);",
          "err": {},
          "uuid": "c4b6d0c7-e1b7-4a73-82d5-190bfe4bd52b",
          "parentUUID": "34b27223-1f58-4b4c-b4d8-49e726020ec7",
          "isHook": false,
          "skipped": false
        },
        {
          "title": "Pesquisa buscando acima do limite estipulado pela aplicação.Bug encontrado",
          "fullTitle": "Pesquisa buscando acima do limite estipulado pela aplicação.Bug encontrado",
          "timedOut": false,
          "duration": 406,
          "state": "passed",
          "speed": "slow",
          "pass": true,
          "fail": false,
          "pending": false,
          "context": null,
          "code": "await spec()\n  .get('https://api.thecatapi.com/v1/images/search?limit=102')\n  .expectStatus(200);",
          "err": {},
          "uuid": "a8457c41-4974-4b9e-9f80-f4f8899921ff",
          "parentUUID": "34b27223-1f58-4b4c-b4d8-49e726020ec7",
          "isHook": false,
          "skipped": false
        },
        {
          "title": "Cadastrando Informações",
          "fullTitle": "Cadastrando Informações",
          "timedOut": false,
          "duration": 353,
          "state": "passed",
          "speed": "slow",
          "pass": true,
          "fail": false,
          "pending": false,
          "context": null,
          "code": "const postRequestBody={\n  \"nome\": 'da gigi',\n  \"status\": true,\n  \"dataCriacao\": '2023-07-31T00:52:28.834Z'\n  };\n\n  await spec()\n.post('https://api.thecatapi.com/v1/images/search?limit=10')\n.expectStatus(401);",
          "err": {},
          "uuid": "7664a0af-35bf-4f69-bd63-1e4e07244a4a",
          "parentUUID": "34b27223-1f58-4b4c-b4d8-49e726020ec7",
          "isHook": false,
          "skipped": false
        },
        {
          "title": "Editando Informações",
          "fullTitle": "Editando Informações",
          "timedOut": false,
          "duration": 348,
          "state": "passed",
          "speed": "slow",
          "pass": true,
          "fail": false,
          "pending": false,
          "context": null,
          "code": "const postRequestBody={\n\"nome\": 'da gigi',\n\"status\": true,\n\"dataCriacao\": '2023-07-31T00:52:28.834Z'\n};\n\nawait spec()\n.put('https://api.thecatapi.com/v1/images/search?limit=10')\n.expectStatus(401);",
          "err": {},
          "uuid": "866cd681-4168-422e-a08b-c24c55444c1d",
          "parentUUID": "34b27223-1f58-4b4c-b4d8-49e726020ec7",
          "isHook": false,
          "skipped": false
        }
      ],
      "suites": [],
      "passes": [
        "535c0e93-2fc0-4403-846e-f71b89a330f1",
        "efab9004-80df-4e4d-a11f-f346a05abb08",
        "c1b2fc30-9f53-43e8-aa2e-75c1f397164d",
        "1d5bc84b-e519-4928-8101-3df637f5e66b",
        "c4b6d0c7-e1b7-4a73-82d5-190bfe4bd52b",
        "a8457c41-4974-4b9e-9f80-f4f8899921ff",
        "7664a0af-35bf-4f69-bd63-1e4e07244a4a",
        "866cd681-4168-422e-a08b-c24c55444c1d"
      ],
      "failures": [],
      "pending": [],
      "skipped": [],
      "duration": 3214,
      "root": true,
      "rootEmpty": false,
      "_timeout": 2000
    }
  ],
  "meta": {
    "mocha": {
      "version": "10.2.0"
    },
    "mochawesome": {
      "options": {
        "quiet": false,
        "reportFilename": "mochawesome",
        "saveHtml": true,
        "saveJson": true,
        "consoleReporter": "spec",
        "useInlineDiffs": false,
        "code": true
      },
      "version": "7.1.3"
    },
    "marge": {
      "options": null,
      "version": "6.2.0"
    }
  }
}