{
  "stats": {
    "suites": 0,
    "tests": 1,
    "passes": 1,
    "pending": 0,
    "failures": 0,
    "start": "2023-08-18T16:34:31.388Z",
    "end": "2023-08-18T16:34:31.854Z",
    "duration": 466,
    "testsRegistered": 1,
    "passPercent": 100,
    "pendingPercent": 0,
    "other": 0,
    "hasOther": false,
    "skipped": 0,
    "hasSkipped": false
  },
  "results": [
    {
      "uuid": "32b4ca6f-8c0b-4d1d-973b-89b0a7d2b013",
      "title": "",
      "fullFile": "",
      "file": "C:\\Users\\Cleartech\\DevopsGiChristo\\T4-GiseleSantos\\dogsAPI-master\\Test\\get.spec.js",
      "beforeHooks": [],
      "afterHooks": [],
      "tests": [
        {
          "title": "should get a response with status code 200",
          "fullTitle": "should get a response with status code 200",
          "timedOut": false,
          "duration": 461,
          "state": "passed",
          "speed": "slow",
          "pass": true,
          "fail": false,
          "pending": false,
          "context": null,
          "code": "await spec()\n  .get('https://api.thecatapi.com/v1/images/search?limit=10')\n  .expectStatus(200);",
          "err": {},
          "uuid": "f453bb6b-dfd6-4726-b0b2-e4b3aad8ce9c",
          "parentUUID": "32b4ca6f-8c0b-4d1d-973b-89b0a7d2b013",
          "isHook": false,
          "skipped": false
        }
      ],
      "suites": [],
      "passes": [
        "f453bb6b-dfd6-4726-b0b2-e4b3aad8ce9c"
      ],
      "failures": [],
      "pending": [],
      "skipped": [],
      "duration": 461,
      "root": true,
      "rootEmpty": false,
      "_timeout": 2000
    }
  ],
  "meta": {
    "mocha": {
      "version": "10.2.0"
    },
    "mochawesome": {
      "options": {
        "quiet": false,
        "reportFilename": "mochawesome",
        "saveHtml": true,
        "saveJson": true,
        "consoleReporter": "spec",
        "useInlineDiffs": false,
        "code": true
      },
      "version": "7.1.3"
    },
    "marge": {
      "options": null,
      "version": "6.2.0"
    }
  }
}