{
  "stats": {
    "suites": 0,
    "tests": 8,
    "passes": 8,
    "pending": 0,
    "failures": 0,
    "start": "2023-08-23T19:44:41.135Z",
    "end": "2023-08-23T19:44:44.401Z",
    "duration": 3266,
    "testsRegistered": 8,
    "passPercent": 100,
    "pendingPercent": 0,
    "other": 0,
    "hasOther": false,
    "skipped": 0,
    "hasSkipped": false
  },
  "results": [
    {
      "uuid": "aff8eb36-71cd-4e69-a94f-83d5e9002fbe",
      "title": "",
      "fullFile": "",
      "file": "C:\\Users\\Cleartech\\DevopsGiChristo\\T4-GiseleSantos\\Sprint-12-ok\\the-cat-api-master\\demogi\\test\\del.spec.js",
      "beforeHooks": [],
      "afterHooks": [],
      "tests": [
        {
          "title": "Deletando dados",
          "fullTitle": "Deletando dados",
          "timedOut": false,
          "duration": 450,
          "state": "passed",
          "speed": "slow",
          "pass": true,
          "fail": false,
          "pending": false,
          "context": null,
          "code": "await spec()\n  .delete('https://api.thecatapi.com/v1/images/search?limit=10')\n  .expectStatus(401);",
          "err": {},
          "uuid": "fc0a6e95-540b-4d2a-9e4e-34c5b6df3fa9",
          "parentUUID": "aff8eb36-71cd-4e69-a94f-83d5e9002fbe",
          "isHook": false,
          "skipped": false
        },
        {
          "title": "Deletando dados ",
          "fullTitle": "Deletando dados ",
          "timedOut": false,
          "duration": 349,
          "state": "passed",
          "speed": "slow",
          "pass": true,
          "fail": false,
          "pending": false,
          "context": null,
          "code": "await spec()\n  .delete('https://api.thecatapi.com/v1/images/search?limit=9')\n  .expectStatus(401);",
          "err": {},
          "uuid": "3076395a-194e-4000-bc3f-4b6914c28a99",
          "parentUUID": "aff8eb36-71cd-4e69-a94f-83d5e9002fbe",
          "isHook": false,
          "skipped": false
        },
        {
          "title": "should get a response with status code 200",
          "fullTitle": "should get a response with status code 200",
          "timedOut": false,
          "duration": 424,
          "state": "passed",
          "speed": "slow",
          "pass": true,
          "fail": false,
          "pending": false,
          "context": null,
          "code": "await spec()\n  .get('https://api.thecatapi.com/v1/images/search?limit=10')\n  .expectStatus(200);",
          "err": {},
          "uuid": "34217ed3-cc4c-4087-9918-2073f4383580",
          "parentUUID": "aff8eb36-71cd-4e69-a94f-83d5e9002fbe",
          "isHook": false,
          "skipped": false
        },
        {
          "title": "should get a response with status code 200",
          "fullTitle": "should get a response with status code 200",
          "timedOut": false,
          "duration": 349,
          "state": "passed",
          "speed": "slow",
          "pass": true,
          "fail": false,
          "pending": false,
          "context": null,
          "code": "await spec()\n  .get('https://api.thecatapi.com/v1/images/search')\n  .expectStatus(200);",
          "err": {},
          "uuid": "2d98e58b-a762-4ff5-b630-549676399081",
          "parentUUID": "aff8eb36-71cd-4e69-a94f-83d5e9002fbe",
          "isHook": false,
          "skipped": false
        },
        {
          "title": "Pesquisando todas as raças",
          "fullTitle": "Pesquisando todas as raças",
          "timedOut": false,
          "duration": 632,
          "state": "passed",
          "speed": "slow",
          "pass": true,
          "fail": false,
          "pending": false,
          "context": null,
          "code": "await spec()\n  .get('https://api.thecatapi.com/v1/breeds')\n  .expectStatus(200);",
          "err": {},
          "uuid": "dd4965f1-6140-4eb8-a469-07beabb0045e",
          "parentUUID": "aff8eb36-71cd-4e69-a94f-83d5e9002fbe",
          "isHook": false,
          "skipped": false
        },
        {
          "title": "Apenas para gatos de bengala",
          "fullTitle": "Apenas para gatos de bengala",
          "timedOut": false,
          "duration": 353,
          "state": "passed",
          "speed": "slow",
          "pass": true,
          "fail": false,
          "pending": false,
          "context": null,
          "code": "await spec()\n  .get('https://api.thecatapi.com/v1/images/search?breed_ids=beng')\n  .expectStatus(200);",
          "err": {},
          "uuid": "c292c56c-2fbe-4225-a59d-ce2bc7b3eb49",
          "parentUUID": "aff8eb36-71cd-4e69-a94f-83d5e9002fbe",
          "isHook": false,
          "skipped": false
        },
        {
          "title": "should get a response with status code ",
          "fullTitle": "should get a response with status code ",
          "timedOut": false,
          "duration": 353,
          "state": "passed",
          "speed": "slow",
          "pass": true,
          "fail": false,
          "pending": false,
          "context": null,
          "code": "await spec()\n  .post('https://api.thecatapi.com/v1/images/search?limit=10')\n  .expectStatus(401);",
          "err": {},
          "uuid": "2ce3a692-31ab-4e46-b5a4-50cc410d9ae7",
          "parentUUID": "aff8eb36-71cd-4e69-a94f-83d5e9002fbe",
          "isHook": false,
          "skipped": false
        },
        {
          "title": "Atualizando dados",
          "fullTitle": "Atualizando dados",
          "timedOut": false,
          "duration": 344,
          "state": "passed",
          "speed": "slow",
          "pass": true,
          "fail": false,
          "pending": false,
          "context": null,
          "code": "await spec()\n  .put('https://api.thecatapi.com/v1/images/search?limit=10')\n  .expectStatus(401);",
          "err": {},
          "uuid": "a292d2f8-ae4e-4622-a273-013e54fa50ec",
          "parentUUID": "aff8eb36-71cd-4e69-a94f-83d5e9002fbe",
          "isHook": false,
          "skipped": false
        }
      ],
      "suites": [],
      "passes": [
        "fc0a6e95-540b-4d2a-9e4e-34c5b6df3fa9",
        "3076395a-194e-4000-bc3f-4b6914c28a99",
        "34217ed3-cc4c-4087-9918-2073f4383580",
        "2d98e58b-a762-4ff5-b630-549676399081",
        "dd4965f1-6140-4eb8-a469-07beabb0045e",
        "c292c56c-2fbe-4225-a59d-ce2bc7b3eb49",
        "2ce3a692-31ab-4e46-b5a4-50cc410d9ae7",
        "a292d2f8-ae4e-4622-a273-013e54fa50ec"
      ],
      "failures": [],
      "pending": [],
      "skipped": [],
      "duration": 3254,
      "root": true,
      "rootEmpty": false,
      "_timeout": 2000
    }
  ],
  "meta": {
    "mocha": {
      "version": "10.2.0"
    },
    "mochawesome": {
      "options": {
        "quiet": false,
        "reportFilename": "mochawesome",
        "saveHtml": true,
        "saveJson": true,
        "consoleReporter": "spec",
        "useInlineDiffs": false,
        "code": true
      },
      "version": "7.1.3"
    },
    "marge": {
      "options": null,
      "version": "6.2.0"
    }
  }
}