{
  "stats": {
    "suites": 0,
    "tests": 10,
    "passes": 10,
    "pending": 0,
    "failures": 0,
    "start": "2023-08-28T17:28:00.324Z",
    "end": "2023-08-28T17:28:04.620Z",
    "duration": 4296,
    "testsRegistered": 10,
    "passPercent": 100,
    "pendingPercent": 0,
    "other": 0,
    "hasOther": false,
    "skipped": 0,
    "hasSkipped": false
  },
  "results": [
    {
      "uuid": "cac45fc6-7f0b-4059-a775-6a351b987f23",
      "title": "",
      "fullFile": "",
      "file": "C:\\Users\\Cleartech\\DevopsGiChristo\\T4-GiseleSantos\\Sprint-12-ok\\the-cat-api-master\\demogi\\test\\del.spec.js",
      "beforeHooks": [],
      "afterHooks": [],
      "tests": [
        {
          "title": "Deletando dados",
          "fullTitle": "Deletando dados",
          "timedOut": false,
          "duration": 434,
          "state": "passed",
          "speed": "slow",
          "pass": true,
          "fail": false,
          "pending": false,
          "context": null,
          "code": "await spec()\n  .delete('https://api.thecatapi.com/v1/images/search?limit=10')\n  .expectStatus(401);",
          "err": {},
          "uuid": "93fd0eae-fb18-44c0-b2b9-b313172cebc0",
          "parentUUID": "cac45fc6-7f0b-4059-a775-6a351b987f23",
          "isHook": false,
          "skipped": false
        },
        {
          "title": "Deletando dados ",
          "fullTitle": "Deletando dados ",
          "timedOut": false,
          "duration": 359,
          "state": "passed",
          "speed": "slow",
          "pass": true,
          "fail": false,
          "pending": false,
          "context": null,
          "code": "await spec()\n  .delete('https://api.thecatapi.com/v1/images/search?limit=9')\n  .expectStatus(401);",
          "err": {},
          "uuid": "7f603e22-ff8d-4748-a8cc-e6e7647ffb24",
          "parentUUID": "cac45fc6-7f0b-4059-a775-6a351b987f23",
          "isHook": false,
          "skipped": false
        },
        {
          "title": "Filtrando a pesquisa em limite de quantidade",
          "fullTitle": "Filtrando a pesquisa em limite de quantidade",
          "timedOut": false,
          "duration": 464,
          "state": "passed",
          "speed": "slow",
          "pass": true,
          "fail": false,
          "pending": false,
          "context": null,
          "code": "await spec()\n  .get('https://api.thecatapi.com/v1/images/search?limit=10')\n  .expectStatus(200);",
          "err": {},
          "uuid": "ce5dfce4-f973-47d7-89ed-58067654bc2a",
          "parentUUID": "cac45fc6-7f0b-4059-a775-6a351b987f23",
          "isHook": false,
          "skipped": false
        },
        {
          "title": "Pesquisa geral",
          "fullTitle": "Pesquisa geral",
          "timedOut": false,
          "duration": 388,
          "state": "passed",
          "speed": "slow",
          "pass": true,
          "fail": false,
          "pending": false,
          "context": null,
          "code": "await spec()\n  .get('https://api.thecatapi.com/v1/images/search')\n  .expectStatus(200);",
          "err": {},
          "uuid": "9a884f8f-b3f0-46f1-bd33-e3bb0e3df486",
          "parentUUID": "cac45fc6-7f0b-4059-a775-6a351b987f23",
          "isHook": false,
          "skipped": false
        },
        {
          "title": "Pesquisando todas as raças",
          "fullTitle": "Pesquisando todas as raças",
          "timedOut": false,
          "duration": 649,
          "state": "passed",
          "speed": "slow",
          "pass": true,
          "fail": false,
          "pending": false,
          "context": null,
          "code": "await spec()\n  .get('https://api.thecatapi.com/v1/breeds')\n  .expectStatus(200);",
          "err": {},
          "uuid": "a86b2181-74ec-45cc-a901-094573a9b0d9",
          "parentUUID": "cac45fc6-7f0b-4059-a775-6a351b987f23",
          "isHook": false,
          "skipped": false
        },
        {
          "title": "Apenas para gatos de bengala",
          "fullTitle": "Apenas para gatos de bengala",
          "timedOut": false,
          "duration": 477,
          "state": "passed",
          "speed": "slow",
          "pass": true,
          "fail": false,
          "pending": false,
          "context": null,
          "code": "await spec()\n  .get('https://api.thecatapi.com/v1/images/search?breed_ids=beng')\n  .expectStatus(200);",
          "err": {},
          "uuid": "0de36924-14b0-49eb-9218-ea47d89e9f68",
          "parentUUID": "cac45fc6-7f0b-4059-a775-6a351b987f23",
          "isHook": false,
          "skipped": false
        },
        {
          "title": "Inserindo Gato de Rua",
          "fullTitle": "Inserindo Gato de Rua",
          "timedOut": false,
          "duration": 387,
          "state": "passed",
          "speed": "slow",
          "pass": true,
          "fail": false,
          "pending": false,
          "context": null,
          "code": "const postRequestBody={\n  \"nome\": 'Gato de rua',\n  \"status\": true,\n  \"dataCriacao\": '2023-07-31T00:52:28.834Z'\n  };\n\n  await spec()\n.post('https://api.thecatapi.com/v1/images/search')\n.expectStatus(401);",
          "err": {},
          "uuid": "b7e5e6bb-bb56-47e1-84d0-f8490181d2a4",
          "parentUUID": "cac45fc6-7f0b-4059-a775-6a351b987f23",
          "isHook": false,
          "skipped": false
        },
        {
          "title": "Inserindo Gato adestrado",
          "fullTitle": "Inserindo Gato adestrado",
          "timedOut": false,
          "duration": 357,
          "state": "passed",
          "speed": "slow",
          "pass": true,
          "fail": false,
          "pending": false,
          "context": null,
          "code": "const postRequestBody={\n\"nome\": 'Gato adestrado',\n\"status\": true,\n\"dataCriacao\": '2023-07-31T00:52:28.834Z'\n};\n\nawait spec()\n.post('https://api.thecatapi.com/v1/images/search')\n.expectStatus(401);",
          "err": {},
          "uuid": "df073923-2ebc-451b-b6b1-cc36b00f5cff",
          "parentUUID": "cac45fc6-7f0b-4059-a775-6a351b987f23",
          "isHook": false,
          "skipped": false
        },
        {
          "title": "Editando Raças de Gato",
          "fullTitle": "Editando Raças de Gato",
          "timedOut": false,
          "duration": 381,
          "state": "passed",
          "speed": "slow",
          "pass": true,
          "fail": false,
          "pending": false,
          "context": null,
          "code": "const postRequestBody={\n\"nome\": 'Siamês',\n\"status\": true,\n\"dataCriacao\": '2023-07-31T00:52:28.834Z'\n};\n\nawait spec()\n.put('https://api.thecatapi.com/v1/images/search?limit=10')\n.expectStatus(401);",
          "err": {},
          "uuid": "12f2cc15-ff47-42b2-bf7c-dd528124a26e",
          "parentUUID": "cac45fc6-7f0b-4059-a775-6a351b987f23",
          "isHook": false,
          "skipped": false
        },
        {
          "title": "Editando tipos de Gato",
          "fullTitle": "Editando tipos de Gato",
          "timedOut": false,
          "duration": 386,
          "state": "passed",
          "speed": "slow",
          "pass": true,
          "fail": false,
          "pending": false,
          "context": null,
          "code": "const postRequestBody={\n\"nome\": 'Gato de Botas',\n\"status\": true,\n\"dataCriacao\": '2023-07-31T00:52:28.834Z'\n};\n\nawait spec()\n.put('https://api.thecatapi.com/v1/images/search?limit=10')\n.expectStatus(401);",
          "err": {},
          "uuid": "f8ee4cbc-f8b5-4f60-9996-0bb3d6c46424",
          "parentUUID": "cac45fc6-7f0b-4059-a775-6a351b987f23",
          "isHook": false,
          "skipped": false
        }
      ],
      "suites": [],
      "passes": [
        "93fd0eae-fb18-44c0-b2b9-b313172cebc0",
        "7f603e22-ff8d-4748-a8cc-e6e7647ffb24",
        "ce5dfce4-f973-47d7-89ed-58067654bc2a",
        "9a884f8f-b3f0-46f1-bd33-e3bb0e3df486",
        "a86b2181-74ec-45cc-a901-094573a9b0d9",
        "0de36924-14b0-49eb-9218-ea47d89e9f68",
        "b7e5e6bb-bb56-47e1-84d0-f8490181d2a4",
        "df073923-2ebc-451b-b6b1-cc36b00f5cff",
        "12f2cc15-ff47-42b2-bf7c-dd528124a26e",
        "f8ee4cbc-f8b5-4f60-9996-0bb3d6c46424"
      ],
      "failures": [],
      "pending": [],
      "skipped": [],
      "duration": 4282,
      "root": true,
      "rootEmpty": false,
      "_timeout": 2000
    }
  ],
  "meta": {
    "mocha": {
      "version": "10.2.0"
    },
    "mochawesome": {
      "options": {
        "quiet": false,
        "reportFilename": "mochawesome",
        "saveHtml": true,
        "saveJson": true,
        "consoleReporter": "spec",
        "useInlineDiffs": false,
        "code": true
      },
      "version": "7.1.3"
    },
    "marge": {
      "options": null,
      "version": "6.2.0"
    }
  }
}