{
  "stats": {
    "suites": 0,
    "tests": 4,
    "passes": 4,
    "pending": 0,
    "failures": 0,
    "start": "2023-08-19T20:25:53.931Z",
    "end": "2023-08-19T20:25:55.551Z",
    "duration": 1620,
    "testsRegistered": 4,
    "passPercent": 100,
    "pendingPercent": 0,
    "other": 0,
    "hasOther": false,
    "skipped": 0,
    "hasSkipped": false
  },
  "results": [
    {
      "uuid": "d331fe73-9b65-4562-a216-d4ce98d25cd1",
      "title": "",
      "fullFile": "",
      "file": "C:\\Users\\Cleartech\\DevopsGiChristo\\T4-GiseleSantos\\the-cat-api-master\\demogi\\test\\get.spec.js",
      "beforeHooks": [],
      "afterHooks": [],
      "tests": [
        {
          "title": "should get a response with status code 200",
          "fullTitle": "should get a response with status code 200",
          "timedOut": false,
          "duration": 503,
          "state": "passed",
          "speed": "slow",
          "pass": true,
          "fail": false,
          "pending": false,
          "context": null,
          "code": "await spec()\n  .get('https://api.thecatapi.com/v1/images/search?limit=10')\n  .expectStatus(200);",
          "err": {},
          "uuid": "24a4e4e3-960d-4644-9051-98776e035ca7",
          "parentUUID": "d331fe73-9b65-4562-a216-d4ce98d25cd1",
          "isHook": false,
          "skipped": false
        },
        {
          "title": "should get a response with status code 200",
          "fullTitle": "should get a response with status code 200",
          "timedOut": false,
          "duration": 390,
          "state": "passed",
          "speed": "slow",
          "pass": true,
          "fail": false,
          "pending": false,
          "context": null,
          "code": "await spec()\n  .get('https://api.thecatapi.com/v1/images/search')\n  .expectStatus(200);",
          "err": {},
          "uuid": "524c990b-cffd-47a4-8908-9629ad376799",
          "parentUUID": "d331fe73-9b65-4562-a216-d4ce98d25cd1",
          "isHook": false,
          "skipped": false
        },
        {
          "title": "should get a response with status code ",
          "fullTitle": "should get a response with status code ",
          "timedOut": false,
          "duration": 370,
          "state": "passed",
          "speed": "slow",
          "pass": true,
          "fail": false,
          "pending": false,
          "context": null,
          "code": "await spec()\n  .post('https://api.thecatapi.com/v1/images/search?limit=10')\n  .expectStatus(401);",
          "err": {},
          "uuid": "33087f1f-fa27-46bc-bed2-f79ff7606287",
          "parentUUID": "d331fe73-9b65-4562-a216-d4ce98d25cd1",
          "isHook": false,
          "skipped": false
        },
        {
          "title": "Atualizando dados",
          "fullTitle": "Atualizando dados",
          "timedOut": false,
          "duration": 349,
          "state": "passed",
          "speed": "slow",
          "pass": true,
          "fail": false,
          "pending": false,
          "context": null,
          "code": "await spec()\n  .put('https://api.thecatapi.com/v1/images/search?limit=10')\n  .expectStatus(401);",
          "err": {},
          "uuid": "df383765-cdcc-4921-ad03-d00cec5ca6cb",
          "parentUUID": "d331fe73-9b65-4562-a216-d4ce98d25cd1",
          "isHook": false,
          "skipped": false
        }
      ],
      "suites": [],
      "passes": [
        "24a4e4e3-960d-4644-9051-98776e035ca7",
        "524c990b-cffd-47a4-8908-9629ad376799",
        "33087f1f-fa27-46bc-bed2-f79ff7606287",
        "df383765-cdcc-4921-ad03-d00cec5ca6cb"
      ],
      "failures": [],
      "pending": [],
      "skipped": [],
      "duration": 1612,
      "root": true,
      "rootEmpty": false,
      "_timeout": 2000
    }
  ],
  "meta": {
    "mocha": {
      "version": "10.2.0"
    },
    "mochawesome": {
      "options": {
        "quiet": false,
        "reportFilename": "mochawesome",
        "saveHtml": true,
        "saveJson": true,
        "consoleReporter": "spec",
        "useInlineDiffs": false,
        "code": true
      },
      "version": "7.1.3"
    },
    "marge": {
      "options": null,
      "version": "6.2.0"
    }
  }
}